<?xml version="1.0" encoding="UTF-8"?>
<testsuite xmlns:xsi="http://www.w3.org/2001/XMLSchema-instance" xsi:noNamespaceSchemaLocation="https://maven.apache.org/surefire/maven-surefire-plugin/xsd/surefire-test-report-3.0.xsd" version="3.0" name="processor.src.main.java.io.github.jacobwoodbury.centroidFinder.DfsBinaryGroupFinderTest" time="0.027" tests="6" errors="0" skipped="0" failures="0">
  <properties>
[...]
</properties>
  <testcase name="findConnectedGroups_noGroupsFound" classname="processor.src.main.java.io.github.jacobwoodbury.centroidFinder.DfsBinaryGroupFinderTest" time="0.008"/>
  <testcase name="findConnectedGroups_throwsForNullImage" classname="processor.src.main.java.io.github.jacobwoodbury.centroidFinder.DfsBinaryGroupFinderTest" time="0.001"/>
  <testcase name="findConnectedGroups_throwsForNullRow" classname="processor.src.main.java.io.github.jacobwoodbury.centroidFinder.DfsBinaryGroupFinderTest" time="0.001"/>
  <testcase name="findConnectedGroups_multipleGroupsAndSortsCorrectly" classname="processor.src.main.java.io.github.jacobwoodbury.centroidFinder.DfsBinaryGroupFinderTest" time="0.005"/>
  <testcase name="findConnectedGroups_complexShape" classname="processor.src.main.java.io.github.jacobwoodbury.centroidFinder.DfsBinaryGroupFinderTest" time="0.0"/>
  <testcase name="findConnectedGroups_singleLargeGroup" classname="processor.src.main.java.io.github.jacobwoodbury.centroidFinder.DfsBinaryGroupFinderTest" time="0.001"/>
</testsuite>